<?xml version="1.0" encoding="UTF-8"?>
<testsuite xmlns:xsi="http://www.w3.org/2001/XMLSchema-instance" xsi:noNamespaceSchemaLocation="https://maven.apache.org/surefire/maven-surefire-plugin/xsd/surefire-test-report-3.0.xsd" version="3.0" name="com.fq.yznu.eaps.service.UserServiceTest" time="0.143" tests="5" errors="0" skipped="0" failures="0">
  <properties>
[...]
</properties>
  <testcase name="whenDeleteUser_thenVerifyDeletion" classname="com.fq.yznu.eaps.service.UserServiceTest" time="0.101"/>
  <testcase name="whenFindByUsername_thenReturnUser" classname="com.fq.yznu.eaps.service.UserServiceTest" time="0.027"/>
  <testcase name="whenSaveUser_thenReturnSavedUser" classname="com.fq.yznu.eaps.service.UserServiceTest" time="0.004"/>
  <testcase name="whenChangePassword_thenVerifyPasswordChange" classname="com.fq.yznu.eaps.service.UserServiceTest" time="0.002"/>
  <testcase name="whenUpdateUser_thenReturnUpdatedUser" classname="com.fq.yznu.eaps.service.UserServiceTest" time="0.003"/>
</testsuite>